2020-04-21 00:08:01 INFO  TomcatWebServer:92 - Tomcat initialized with port(s): 8088 (http)
2020-04-21 00:08:01 INFO  ContextLoader:284 - Root WebApplicationContext: initialization completed in 2229 ms
2020-04-21 00:08:03 INFO  ThreadPoolTaskExecutor:181 - Initializing ExecutorService 'applicationTaskExecutor'
2020-04-21 00:08:03 INFO  MapperCacheDisabler:60 - Clear tk.mybatis.mapper.util.MsUtil CLASS_CACHE cache.
2020-04-21 00:08:03 INFO  MapperCacheDisabler:60 - Clear tk.mybatis.mapper.genid.GenIdUtil CACHE cache.
2020-04-21 00:08:03 INFO  MapperCacheDisabler:60 - Clear tk.mybatis.mapper.version.VersionUtil CACHE cache.
2020-04-21 00:08:03 INFO  MapperCacheDisabler:83 - Clear EntityHelper entityTableMap cache.
2020-04-21 00:08:03 INFO  DocumentationPluginsBootstrapper:84 - Context refreshed
2020-04-21 00:08:03 INFO  DocumentationPluginsBootstrapper:87 - Found 1 custom documentation plugin(s)
2020-04-21 00:08:03 INFO  ApiListingReferenceScanner:44 - Scanning for api listing references
2020-04-21 00:08:04 INFO  CachingOperationNameGenerator:40 - Generating unique operation named: updateUsingPOST_1
2020-04-21 00:08:04 INFO  CachingOperationNameGenerator:40 - Generating unique operation named: searchUsingGET_1
2020-04-21 00:08:04 INFO  CachingOperationNameGenerator:40 - Generating unique operation named: subCatUsingGET_1
2020-04-21 00:08:04 INFO  CachingOperationNameGenerator:40 - Generating unique operation named: listUsingPOST_1
2020-04-21 00:08:04 INFO  CachingOperationNameGenerator:40 - Generating unique operation named: addUsingPOST_1
2020-04-21 00:08:04 INFO  TomcatWebServer:204 - Tomcat started on port(s): 8088 (http) with context path ''
2020-04-21 00:08:04 INFO  Application:61 - Started Application in 5.216 seconds (JVM running for 5.941)
2020-04-21 00:08:11 INFO  DispatcherServlet:525 - Initializing Servlet 'dispatcherServlet'
2020-04-21 00:08:11 INFO  DispatcherServlet:547 - Completed initialization in 11 ms
2020-04-21 00:08:11 INFO  ServiceLogAspect:27 - ==== 开始执行:class com.leiming.service.center.CenterUserService.queryUserInfo ====
2020-04-21 00:08:11 INFO  HikariDataSource:110 - DateSourceHikaruCP - Starting...
2020-04-21 00:08:11 INFO  HikariDataSource:123 - DateSourceHikaruCP - Start completed.
2020-04-21 00:08:12 INFO  ServiceLogAspect:46 - ==== 执行结束，耗时：209 毫秒 ====
2020-04-21 00:08:14 INFO  ServiceLogAspect:27 - ==== 开始执行:class com.leiming.service.center.CenterUserService.updateUserInfo ====
2020-04-21 00:08:14 INFO  ServiceLogAspect:46 - ==== 执行结束，耗时：58 毫秒 ====
2020-04-21 00:08:14 INFO  CookieUtils:211 - ========== domainName: localhost ==========
2020-04-21 00:08:19 INFO  ServiceLogAspect:27 - ==== 开始执行:class com.leiming.service.center.CenterUserService.queryUserInfo ====
2020-04-21 00:08:19 INFO  ServiceLogAspect:46 - ==== 执行结束，耗时：5 毫秒 ====
2020-04-21 00:08:29 INFO  ServiceLogAspect:27 - ==== 开始执行:class com.leiming.service.center.CenterUserService.updateUserInfo ====
2020-04-21 00:08:29 INFO  ServiceLogAspect:46 - ==== 执行结束，耗时：10 毫秒 ====
2020-04-21 00:08:29 INFO  CookieUtils:211 - ========== domainName: localhost ==========
2020-04-21 00:08:32 INFO  ServiceLogAspect:27 - ==== 开始执行:class com.leiming.service.center.CenterUserService.queryUserInfo ====
2020-04-21 00:08:32 INFO  ServiceLogAspect:46 - ==== 执行结束，耗时：3 毫秒 ====
2020-04-21 00:08:36 INFO  ServiceLogAspect:27 - ==== 开始执行:class com.leiming.service.center.CenterUserService.updateUserInfo ====
2020-04-21 00:08:36 INFO  ServiceLogAspect:46 - ==== 执行结束，耗时：9 毫秒 ====
2020-04-21 00:08:36 INFO  CookieUtils:211 - ========== domainName: localhost ==========
2020-04-21 00:08:41 INFO  ServiceLogAspect:27 - ==== 开始执行:class com.leiming.service.center.CenterUserService.queryUserInfo ====
2020-04-21 00:08:41 INFO  ServiceLogAspect:46 - ==== 执行结束，耗时：4 毫秒 ====
2020-04-21 00:08:44 INFO  ServiceLogAspect:27 - ==== 开始执行:class com.leiming.service.AddressService.queryAll ====
2020-04-21 00:08:44 INFO  ServiceLogAspect:46 - ==== 执行结束，耗时：16 毫秒 ====
2020-04-21 00:08:51 INFO  ServiceLogAspect:27 - ==== 开始执行:class com.leiming.service.AddressService.queryAll ====
2020-04-21 00:08:51 INFO  ServiceLogAspect:46 - ==== 执行结束，耗时：4 毫秒 ====
2020-04-21 00:08:53 WARN  DefaultHandlerExceptionResolver:199 - Resolved [org.springframework.web.HttpRequestMethodNotSupportedException: Request method 'GET' not supported]
